[
    {
        "timestamp": "2025-09-26 22:56:36",
        "data": {
            "action": "assign_attributes_on_save",
            "post_id": 19399,
            "categories": [
                163,
                183,
                720
            ],
            "query": "SELECT DISTINCT attribute_id FROM wp_smdp_cat_attr_rel \n                WHERE category_id IN (163,183,720)",
            "found_attributes": [
                "1",
                "3",
                "9",
                "12",
                "17",
                "21",
                "36",
                "40",
                "56",
                "59",
                "115",
                "122",
                "125",
                "129",
                "19"
            ]
        }
    },
    {
        "timestamp": "2025-09-26 23:05:18",
        "data": {
            "action": "assign_attributes_on_save",
            "post_id": 19399,
            "categories": [
                163,
                183
            ],
            "query": "SELECT DISTINCT attribute_id FROM wp_smdp_cat_attr_rel \n                WHERE category_id IN (163,183)",
            "existing_attributes": {
                "pa_brand": [],
                "pa_manufacturer-part-number": [],
                "pa_rated-voltage": [],
                "pa_package-size": [],
                "pa_easyeda-id": [],
                "pa_mounting": []
            },
            "found_attributes": [
                "1",
                "3",
                "9",
                "12",
                "17",
                "21",
                "36",
                "40",
                "56",
                "59",
                "115",
                "122",
                "125",
                "129",
                "19"
            ]
        }
    },
    {
        "timestamp": "2025-09-26 23:14:09",
        "data": {
            "action": "assign_attributes_on_save",
            "post_id": 19399,
            "categories": [
                163,
                183,
                720
            ],
            "query": "SELECT DISTINCT attribute_id FROM wp_smdp_cat_attr_rel \n                WHERE category_id IN (163,183,720)",
            "existing_attributes": {
                "pa_brand": [],
                "pa_manufacturer-part-number": [],
                "pa_rated-voltage": [],
                "pa_package-size": [],
                "pa_easyeda-id": [],
                "pa_mounting": []
            },
            "found_attributes": [
                "1",
                "3",
                "9",
                "12",
                "17",
                "21",
                "36",
                "40",
                "56",
                "59",
                "115",
                "122",
                "125",
                "129",
                "19"
            ]
        }
    },
    {
        "timestamp": "2025-09-26 23:15:40",
        "data": {
            "action": "assign_attributes_on_save",
            "post_id": 19399,
            "categories": [
                163,
                183
            ],
            "query": "SELECT DISTINCT attribute_id FROM wp_smdp_cat_attr_rel \n                WHERE category_id IN (163,183)",
            "existing_attributes": [],
            "found_attributes": [
                "1",
                "3",
                "9",
                "12",
                "17",
                "21",
                "36",
                "40",
                "56",
                "59",
                "115",
                "122",
                "125",
                "129",
                "19"
            ]
        }
    }
]