[
    {
        "timestamp": "2025-09-26 23:41:01",
        "data": {
            "event": "apply_category_attributes_to_product",
            "post_id": 19399
        }
    },
    {
        "timestamp": "2025-09-26 23:42:29",
        "data": {
            "event": "apply_category_attributes_to_product",
            "post_id": 19399,
            "type": "product"
        }
    },
    {
        "timestamp": "2025-09-26 23:43:27",
        "data": {
            "event": "apply_category_attributes_to_product",
            "post_id": 19399,
            "type": "product",
            "categories": [
                163,
                183,
                211
            ]
        }
    },
    {
        "timestamp": "2025-09-26 23:47:06",
        "data": {
            "event": "apply_category_attributes_to_product",
            "post_id": 19399,
            "type": "product",
            "categories": [
                163,
                183,
                211
            ],
            "mapped_attributes": []
        }
    },
    {
        "timestamp": "2025-09-26 23:48:39",
        "data": {
            "event": "apply_category_attributes_to_product",
            "post_id": 19399,
            "type": "product",
            "categories": [
                163,
                183,
                720
            ],
            "placeholders": "%d,%d,%d",
            "query": "\n            SELECT DISTINCT attr_id\n            FROM wp_smdp_cat_attr_map\n            WHERE cat_id IN (163,183,720)\n        ",
            "mapped_attributes": []
        }
    },
    {
        "timestamp": "2025-09-26 23:50:11",
        "data": {
            "event": "apply_category_attributes_to_product",
            "post_id": 19399,
            "type": "product",
            "categories": [
                163,
                183
            ],
            "placeholders": "%d,%d",
            "query": "SELECT DISTINCT attr_id FROM wp_smdp_cat_attr_map WHERE cat_id IN (163,183)",
            "mapped_attributes": []
        }
    },
    {
        "timestamp": "2025-09-26 23:50:55",
        "data": {
            "event": "apply_category_attributes_to_product",
            "post_id": 19399,
            "type": "product",
            "categories": [
                163,
                183,
                720
            ],
            "placeholders": "%d,%d,%d",
            "query": "SELECT DISTINCT attr_id FROM wp_smdp_cat_attr_map WHERE cat_id IN (163,183,720)",
            "mapped_attributes": []
        }
    },
    {
        "timestamp": "2025-09-26 23:53:36",
        "data": {
            "event": "apply_category_attributes_to_product",
            "post_id": 19399,
            "type": "product",
            "categories": [
                163,
                183
            ],
            "placeholders": "%d,%d",
            "query": "SELECT DISTINCT attribute_id FROM wp_smdp_cat_attr_map WHERE category_id IN (163,183)",
            "mapped_attributes": []
        }
    },
    {
        "timestamp": "2025-09-26 23:58:21",
        "data": {
            "event": "apply_category_attributes_to_product",
            "post_id": 19399,
            "type": "product",
            "categories": [
                163,
                183,
                720
            ],
            "placeholders": "%d,%d,%d",
            "query": "SELECT DISTINCT attribute_id FROM wp_smdp_cat_attr_rel WHERE category_id IN (163,183,720)",
            "mapped_attributes": [
                "1",
                "3",
                "9",
                "12",
                "17",
                "21",
                "36",
                "40",
                "56",
                "59",
                "115",
                "122",
                "125",
                "129",
                "19"
            ]
        }
    }
]